<?xml version="1.0" encoding="UTF-8"?>
<!-- Generated by org.testng.reporters.JUnitReportReporter -->
<testsuite hostname="SILICON-PC" name="qhcloud.selenium.TestSuite.ViewUser" tests="1" failures="0" timestamp="3 Mar 2015 10:11:34 GMT" time="74.831" errors="0">
  <testcase name="View_User" time="74.831" classname="qhcloud.selenium.TestSuite.ViewUser"/>
</testsuite> <!-- qhcloud.selenium.TestSuite.ViewUser -->
