<?xml version="1.0" encoding="UTF-8"?>
<!-- Generated by org.testng.reporters.JUnitReportReporter -->
<testsuite hostname="SILICON-PC" name="qhcloud.selenium.TestSuite.ConveyOTP" tests="1" failures="0" timestamp="3 Mar 2015 10:11:34 GMT" time="7.032" errors="0">
  <testcase name="conveyotp" time="7.032" classname="qhcloud.selenium.TestSuite.ConveyOTP"/>
</testsuite> <!-- qhcloud.selenium.TestSuite.ConveyOTP -->
