<?xml version="1.0" encoding="UTF-8"?>
<!-- Generated by org.testng.reporters.JUnitReportReporter -->
<testsuite hostname="SILICON-PC" name="qhcloud.selenium.TestSuite.ActivateProduct" tests="1" failures="0" timestamp="3 Mar 2015 10:11:34 GMT" time="7.842" errors="0">
  <testcase name="activateproduct" time="7.842" classname="qhcloud.selenium.TestSuite.ActivateProduct"/>
</testsuite> <!-- qhcloud.selenium.TestSuite.ActivateProduct -->
