<?xml version="1.0" encoding="UTF-8"?>
<!-- Generated by org.testng.reporters.JUnitReportReporter -->
<testsuite hostname="SILICON-PC" name="qhcloud.selenium.TestSuite.CreateTenant" tests="1" failures="0" timestamp="9 Mar 2015 09:06:13 GMT" time="9.311" errors="0">
  <testcase name="Createtenant" time="9.311" classname="qhcloud.selenium.TestSuite.CreateTenant"/>
</testsuite> <!-- qhcloud.selenium.TestSuite.CreateTenant -->
