<?xml version="1.0" encoding="UTF-8"?>
<!-- Generated by org.testng.reporters.JUnitReportReporter -->
<testsuite hostname="SILICON-PC" name="qhcloud.selenium.TestSuite.AddUser" tests="1" failures="0" timestamp="3 Mar 2015 10:11:34 GMT" time="269.908" errors="0">
  <testcase name="adduser" time="269.908" classname="qhcloud.selenium.TestSuite.AddUser"/>
</testsuite> <!-- qhcloud.selenium.TestSuite.AddUser -->
