<?xml version="1.0" encoding="UTF-8"?>
<!-- Generated by org.testng.reporters.JUnitReportReporter -->
<testsuite hostname="SILICON-PC" name="qhcloud.selenium.TestSuite.AddProduct" tests="1" failures="0" timestamp="3 Mar 2015 10:11:34 GMT" time="5.649" errors="0">
  <testcase name="addproduct" time="5.649" classname="qhcloud.selenium.TestSuite.AddProduct"/>
</testsuite> <!-- qhcloud.selenium.TestSuite.AddProduct -->
